* EvoSuite 1.2.1-SNAPSHOT
* Configuration: EvoSuite_fixed
* Going to generate test cases for class: com.liferay.util.axis.AxisServlet
* Starting Client-0
* Properties loaded from /Users/njimenez/Documents/Magister/100Clases/Test1/projects/108_liferay/evosuite-files/evosuite.properties
* Connecting to master process on port 7221
* Analyzing classpath: 
* Inheritance tree loaded from evosuite-files/inheritance.xml.gz
[MASTER] 12:58:03.690 [logback-1] WARN  InheritanceTree - Class not in inheritance graph: java.util.Locale$IsoCountryCode
* Finished analyzing classpath
* Generating tests for class com.liferay.util.axis.AxisServlet
* Test criteria:
  - Line Coverage
  - Branch Coverage
  - Exception
  - Mutation testing (weak)
  - Method-Output Coverage
  - Top-Level Method Coverage
  - No-Exception Top-Level Method Coverage
  - Context Branch Coverage
* Total number of test goals for DYNAMOSA: 444
* Using seed 5072178650187
* Starting evolution
* Initial Number of Goals in DynaMOSA = 132 / 444
[MASTER] 12:58:04.262 [logback-1] WARN  InheritanceTree - Class not in inheritance graph: java.io.ObjectInputFilter
[MASTER] 12:58:04.913 [logback-1] WARN  InheritanceTree - Class not in inheritance graph: java.sql.ShardingKey
[MASTER] 12:58:08.122 [logback-1] WARN  InheritanceTree - Class not in inheritance graph: java.lang.module.ModuleFinder
[MASTER] 12:58:08.374 [logback-1] WARN  MSecurityManager - SUT asked for a runtime permission that EvoSuite does not recognize: getStackWalkerWithClassReference
[MASTER] 12:58:12.637 [logback-1] WARN  TestChromosome - Functional mock problem: org.evosuite.ga.ConstructionFailedException: Failed to add constructor for javax.servlet.ServletResponseWrapper due to org.evosuite.ga.ConstructionFailedException: Have no generator for class javax.servlet.http.HttpServletResponseWrapper canUseFunctionalMocks=false, canBeMocked: true
[MASTER] 12:58:14.644 [logback-1] WARN  TestCluster - Failed to check cache for java.util.concurrent.ForkJoinTask<V> : Type points to itself
[MASTER] 12:58:15.610 [logback-1] WARN  TestChromosome - Functional mock problem: org.evosuite.ga.ConstructionFailedException: Have no generator for class javax.servlet.http.HttpServletResponseWrapper canUseFunctionalMocks=false, canBeMocked: true
[MASTER] 12:58:16.676 [logback-1] WARN  TestCluster - Failed to check cache for java.util.Stack<E> : Type points to itself
[MASTER] 12:58:16.953 [logback-1] WARN  TestChromosome - Functional mock problem: org.evosuite.ga.ConstructionFailedException: Failed to add constructor for javax.servlet.ServletRequestWrapper due to org.evosuite.ga.ConstructionFailedException: Have no generator for class javax.servlet.http.HttpServletRequestWrapper canUseFunctionalMocks=false, canBeMocked: true
[MASTER] 12:58:19.696 [logback-1] WARN  TestChromosome - Functional mock problem: org.evosuite.ga.ConstructionFailedException: Have no generator for class javax.servlet.ServletResponseWrapper canUseFunctionalMocks=false, canBeMocked: true
[MASTER] 12:58:20.136 [logback-1] WARN  TestChromosome - Functional mock problem: org.evosuite.ga.ConstructionFailedException: Have no generator for class javax.servlet.http.HttpServletRequestWrapper canUseFunctionalMocks=false, canBeMocked: true
[MASTER] 12:58:25.973 [logback-1] WARN  TestChromosome - Functional mock problem: org.evosuite.ga.ConstructionFailedException: Have no generator for class javax.servlet.ServletRequestWrapper canUseFunctionalMocks=false, canBeMocked: true
[MASTER] 12:58:35.662 [logback-1] WARN  TestChromosome - Functional mock problem: org.evosuite.ga.ConstructionFailedException: Failed to add constructor for org.testng.TestRunner due to org.evosuite.ga.ConstructionFailedException: Failed to add constructor for org.testng.internal.ClonedMethod due to org.evosuite.ga.ConstructionFailedException: Failed to add constructor for org.testng.internal.FactoryMethod due to org.evosuite.ga.ConstructionFailedException: Failed to add constructor for org.testng.internal.ConstructorOrMethod due to org.evosuite.ga.ConstructionFailedException: Max recursion depth reached
[MASTER] 12:58:41.954 [logback-1] WARN  TestCluster - Failed to check cache for java.util.Comparator<T> : Type points to itself
[MASTER] 12:58:56.998 [logback-1] WARN  TestChromosome - Functional mock problem: org.evosuite.ga.ConstructionFailedException: Failed to add constructor for org.testng.TestRunner due to org.evosuite.ga.ConstructionFailedException: Have no generator for class org.testng.TestRunner canUseFunctionalMocks=false, canBeMocked: true
[MASTER] 12:59:09.290 [logback-1] WARN  CastClassManager - Nothing is assignable after adding java.util.Stack<E> for wildcard ? extends java.util.Vector
[MASTER] 12:59:09.299 [logback-1] WARN  CastClassManager - Nothing is assignable after adding java.util.Vector<E> for wildcard ? extends java.util.Vector
[MASTER] 12:59:59.833 [logback-1] WARN  TestChromosome - Functional mock problem: org.evosuite.ga.ConstructionFailedException: Failed to add constructor for org.dom4j.bean.BeanAttributeList due to org.evosuite.ga.ConstructionFailedException: Failed to add constructor for org.dom4j.bean.BeanElement due to org.evosuite.ga.ConstructionFailedException: Failed to add constructor for org.dom4j.bean.BeanElement due to org.evosuite.ga.ConstructionFailedException: Failed to add constructor for org.dom4j.dom.DOMNamespace due to org.evosuite.ga.ConstructionFailedException: Failed to add constructor for org.dom4j.dom.DOMElement due to org.evosuite.ga.ConstructionFailedException: Max recursion depth reached
[MASTER] 13:00:02.924 [logback-1] WARN  TestChromosome - Functional mock problem: org.evosuite.ga.ConstructionFailedException: Failed to add constructor for org.dom4j.bean.BeanAttributeList due to org.evosuite.ga.ConstructionFailedException: Failed to add constructor for org.dom4j.bean.BeanElement due to org.evosuite.ga.ConstructionFailedException: Failed to add constructor for org.dom4j.bean.BeanAttribute due to org.evosuite.ga.ConstructionFailedException: Failed to add constructor for org.dom4j.bean.BeanElement due to org.evosuite.ga.ConstructionFailedException: Max recursion depth reached
* Search finished after 181s and 3058 generations, 530114 statements, best individual has fitness: 171.0
* Computation finished
