* EvoSuite 1.2.1-SNAPSHOT
* Configuration: EvoSuite_fixed
* Going to generate test cases for class: com.liferay.portlet.documentlibrary.util.PDFProcessorImpl
* Starting Client-0
* Properties loaded from /Users/njimenez/Documents/Magister/100Clases/Test1/projects/108_liferay/evosuite-files/evosuite.properties
* Connecting to master process on port 3310
* Analyzing classpath: 
* Inheritance tree loaded from evosuite-files/inheritance.xml.gz
[MASTER] 07:05:35.715 [logback-1] WARN  MSecurityManager - SUT asked for a runtime permission that EvoSuite does not recognize: getStackWalkerWithClassReference
[MASTER] 07:05:35.987 [logback-1] WARN  InheritanceTree - Class not in inheritance graph: java.io.ObjectInputFilter
[MASTER] 07:05:38.108 [logback-1] WARN  InheritanceTree - Class not in inheritance graph: java.util.Locale$IsoCountryCode
[MASTER] 07:05:38.247 [logback-1] WARN  InheritanceTree - Class not in inheritance graph: java.sql.ShardingKey
[MASTER] 07:05:41.487 [logback-1] WARN  InheritanceTree - Class not in inheritance graph: java.lang.module.ModuleFinder
* Finished analyzing classpath
* Generating tests for class com.liferay.portlet.documentlibrary.util.PDFProcessorImpl
* Test criteria:
  - Line Coverage
  - Branch Coverage
  - Exception
  - Mutation testing (weak)
  - Method-Output Coverage
  - Top-Level Method Coverage
  - No-Exception Top-Level Method Coverage
  - Context Branch Coverage
* Total number of test goals for DYNAMOSA: 1153
* Using seed 2482030657809
* Starting evolution
* Initial Number of Goals in DynaMOSA = 341 / 1153
[MASTER] 07:05:44.899 [logback-1] WARN  TestCluster - Failed to check cache for javax.swing.RowFilter<M, I>.ComparisonType : Type points to itself
[MASTER] 07:05:44.900 [logback-1] WARN  TestCluster - Failed to check cache for java.util.concurrent.ForkJoinTask<V> : Type points to itself
[MASTER] 07:05:48.830 [logback-1] WARN  TestCluster - Failed to check cache for java.util.Comparator<T> : Type points to itself
[MASTER] 07:05:50.466 [logback-1] WARN  TestChromosome - Functional mock problem: org.evosuite.ga.ConstructionFailedException: Have no generator for class com.liferay.portlet.documentlibrary.model.DLFileVersionWrapper canUseFunctionalMocks=false, canBeMocked: true
[MASTER] 07:05:58.848 [logback-1] WARN  CastClassManager - Nothing is assignable after adding java.util.Vector<E> for wildcard ? extends java.util.Vector
[MASTER] 07:05:58.862 [logback-1] WARN  CastClassManager - Nothing is assignable after adding java.util.Vector<E> for wildcard ? extends java.util.Vector
[MASTER] 07:05:58.933 [logback-1] WARN  TestCluster - Failed to check cache for java.util.Vector<E> : Type points to itself
[MASTER] 07:06:14.429 [logback-1] WARN  TestCluster - Failed to check cache for java.util.Enumeration<E> : Type points to itself
[MASTER] 07:06:34.270 [logback-1] WARN  TestChromosome - Functional mock problem: org.evosuite.ga.ConstructionFailedException: Failed to add constructor for com.liferay.portal.lar.PortletDataContextImpl due to org.evosuite.ga.ConstructionFailedException: Have no generator for class com.liferay.portal.lar.PortletDataContextImpl canUseFunctionalMocks=false, canBeMocked: true
[MASTER] 07:06:34.294 [logback-1] WARN  TestChromosome - Functional mock problem: org.evosuite.ga.ConstructionFailedException: Failed to add constructor for com.liferay.portal.lar.PortletDataContextImpl due to org.evosuite.ga.ConstructionFailedException: Failed to add constructor for com.liferay.portal.lar.CurrentUserIdStrategy due to org.evosuite.ga.ConstructionFailedException: Failed to add constructor for com.liferay.portal.model.UserWrapper due to org.evosuite.ga.ConstructionFailedException: Failed to add constructor for com.liferay.portal.model.CompanyWrapper due to org.evosuite.ga.ConstructionFailedException: Max recursion depth reached
[MASTER] 07:06:34.301 [logback-1] WARN  TestChromosome - Functional mock problem: org.evosuite.ga.ConstructionFailedException: Failed to add constructor for com.liferay.portal.lar.PortletDataContextImpl due to org.evosuite.ga.ConstructionFailedException: Failed to add constructor for org.testng.internal.TestResult due to org.evosuite.ga.ConstructionFailedException: Failed to add constructor for org.testng.internal.NoOpTestClass due to org.evosuite.ga.ConstructionFailedException: Failed to add constructor for org.testng.junit.JUnitUtils$JUnitTestClass due to org.evosuite.ga.ConstructionFailedException: Max recursion depth reached
[MASTER] 07:06:34.418 [logback-1] WARN  TestChromosome - Functional mock problem: org.evosuite.ga.ConstructionFailedException: Failed to add constructor for com.liferay.portal.lar.PortletDataContextImpl due to org.evosuite.ga.ConstructionFailedException: Failed to add constructor for org.testng.TestRunner due to org.evosuite.ga.ConstructionFailedException: Failed to add constructor for org.testng.internal.Configuration due to org.evosuite.ga.ConstructionFailedException: Failed to add constructor for org.testng.internal.annotations.JDK15AnnotationFinder due to org.evosuite.ga.ConstructionFailedException: Max recursion depth reached
[MASTER] 07:06:35.639 [logback-1] WARN  TestChromosome - Functional mock problem: org.evosuite.ga.ConstructionFailedException: Failed to add constructor for javax.servlet.http.HttpServletRequestWrapper due to org.evosuite.ga.ConstructionFailedException: Failed to add constructor for com.liferay.portal.struts.StrutsActionPortletURL due to org.evosuite.ga.ConstructionFailedException: Failed to add constructor for javax.portlet.filter.PortletResponseWrapper due to org.evosuite.ga.ConstructionFailedException: Max recursion depth reached
[MASTER] 07:06:35.758 [logback-1] WARN  TestChromosome - Functional mock problem: org.evosuite.ga.ConstructionFailedException: Failed to add constructor for javax.servlet.http.HttpServletRequestWrapper due to org.evosuite.ga.ConstructionFailedException: Failed to add constructor for com.liferay.portal.lar.PortletDataContextImpl due to org.evosuite.ga.ConstructionFailedException: Failed to add constructor for com.liferay.portal.zip.ZipReaderImpl due to org.evosuite.ga.ConstructionFailedException: Max recursion depth reached
[MASTER] 07:06:36.201 [logback-1] WARN  TestChromosome - Functional mock problem: org.evosuite.ga.ConstructionFailedException: Failed to add constructor for com.liferay.portal.lar.PortletDataContextImpl due to org.evosuite.ga.ConstructionFailedException: Failed to add constructor for com.liferay.portal.lar.AlwaysCurrentUserIdStrategy due to org.evosuite.ga.ConstructionFailedException: Failed to add constructor for com.liferay.portal.model.UserWrapper due to org.evosuite.ga.ConstructionFailedException: Failed to add constructor for com.liferay.portal.model.CompanyWrapper due to org.evosuite.ga.ConstructionFailedException: Max recursion depth reached
[MASTER] 07:06:38.888 [logback-1] WARN  TestCluster - Failed to check cache for java.util.Stack<E> : Type points to itself
[MASTER] 07:06:41.839 [logback-1] WARN  ClassResetter - class java.lang.reflect.InvocationTargetException thrown during execution of method  __STATIC_RESET() for class org.geotools.factory.Hints, java.lang.IllegalArgumentException: org.geotools.factory.Hints$ClassKey@7956738d:0 already registered
[MASTER] 07:06:42.997 [logback-1] WARN  TestChromosome - Functional mock problem: org.evosuite.ga.ConstructionFailedException: Failed to add constructor for javax.servlet.http.HttpServletRequestWrapper due to org.evosuite.ga.ConstructionFailedException: Have no generator for class com.liferay.portal.lar.PortletDataContextImpl canUseFunctionalMocks=false, canBeMocked: true
[MASTER] 07:06:43.014 [logback-1] WARN  TestChromosome - Functional mock problem: org.evosuite.ga.ConstructionFailedException: Failed to add constructor for com.liferay.portal.lar.PortletDataContextImpl due to org.evosuite.ga.ConstructionFailedException: Failed to add constructor for com.liferay.portal.repository.proxy.FileEntryProxyBean due to org.evosuite.ga.ConstructionFailedException: Failed to add constructor for com.liferay.portal.repository.proxy.FileVersionProxyBean due to org.evosuite.ga.ConstructionFailedException: Failed to add constructor for groovy.lang.GroovyClassLoader due to org.evosuite.ga.ConstructionFailedException: Max recursion depth reached
[MASTER] 07:06:43.548 [logback-1] WARN  TestChromosome - Functional mock problem: org.evosuite.ga.ConstructionFailedException: Failed to add constructor for com.liferay.portal.lar.PortletDataContextImpl due to org.evosuite.ga.ConstructionFailedException: Failed to add constructor for com.liferay.portal.lar.PortletDataContextImpl due to org.evosuite.ga.ConstructionFailedException: Failed to add constructor for com.liferay.portal.lar.AlwaysCurrentUserIdStrategy due to org.evosuite.ga.ConstructionFailedException: Failed to add constructor for com.liferay.portal.model.UserWrapper due to org.evosuite.ga.ConstructionFailedException: Max recursion depth reached
[MASTER] 07:06:44.601 [logback-1] WARN  TestChromosome - Functional mock problem: org.evosuite.ga.ConstructionFailedException: Failed to add constructor for com.liferay.portal.lar.PortletDataContextImpl due to org.evosuite.ga.ConstructionFailedException: Failed to add constructor for com.liferay.portal.repository.proxy.FileVersionProxyBean due to org.evosuite.ga.ConstructionFailedException: Failed to add constructor for groovy.lang.GroovyClassLoader due to org.evosuite.ga.ConstructionFailedException: Failed to add constructor for groovy.lang.GroovyClassLoader due to org.evosuite.ga.ConstructionFailedException: Max recursion depth reached
[MASTER] 07:06:45.009 [logback-1] WARN  TestChromosome - Functional mock problem: org.evosuite.ga.ConstructionFailedException: Failed to add constructor for com.liferay.portal.lar.PortletDataContextImpl due to org.evosuite.ga.ConstructionFailedException: Failed to add constructor for com.liferay.portal.lar.PortletDataContextImpl due to org.evosuite.ga.ConstructionFailedException: Failed to add constructor for com.liferay.portal.lar.CurrentUserIdStrategy due to org.evosuite.ga.ConstructionFailedException: Failed to add constructor for com.liferay.portal.model.UserWrapper due to org.evosuite.ga.ConstructionFailedException: Max recursion depth reached
[MASTER] 07:06:46.008 [logback-1] WARN  TestChromosome - Functional mock problem: org.evosuite.ga.ConstructionFailedException: Failed to add constructor for javax.servlet.http.HttpServletRequestWrapper due to org.evosuite.ga.ConstructionFailedException: Failed to add constructor for com.liferay.portal.lar.PortletDataContextImpl due to org.evosuite.ga.ConstructionFailedException: Failed to add constructor for com.liferay.portlet.PortalPreferencesImpl due to org.evosuite.ga.ConstructionFailedException: Max recursion depth reached
[MASTER] 07:06:47.779 [logback-1] WARN  TestChromosome - Functional mock problem: org.evosuite.ga.ConstructionFailedException: Failed to add constructor for javax.servlet.http.HttpServletRequestWrapper due to org.evosuite.ga.ConstructionFailedException: Failed to add constructor for com.liferay.portal.lar.PortletDataContextImpl due to org.evosuite.ga.ConstructionFailedException: Failed to add constructor for com.liferay.portal.model.PortletWrapper due to org.evosuite.ga.ConstructionFailedException: Max recursion depth reached
[MASTER] 07:06:47.784 [logback-1] WARN  TestChromosome - Functional mock problem: org.evosuite.ga.ConstructionFailedException: Failed to add constructor for javax.servlet.ServletRequestWrapper due to org.evosuite.ga.ConstructionFailedException: Have no generator for class javax.servlet.http.HttpServletRequestWrapper canUseFunctionalMocks=false, canBeMocked: true
[MASTER] 07:06:48.404 [logback-1] WARN  TestChromosome - Functional mock problem: org.evosuite.ga.ConstructionFailedException: Failed to add constructor for com.liferay.portal.lar.PortletDataContextImpl due to org.evosuite.ga.ConstructionFailedException: Failed to add constructor for com.liferay.portal.lar.CurrentUserIdStrategy due to org.evosuite.ga.ConstructionFailedException: Failed to add constructor for com.liferay.portal.model.UserWrapper due to org.evosuite.ga.ConstructionFailedException: Failed to add constructor for com.liferay.portal.model.UserGroupRoleWrapper due to org.evosuite.ga.ConstructionFailedException: Max recursion depth reached
[MASTER] 07:06:48.596 [logback-1] WARN  TestChromosome - Functional mock problem: org.evosuite.ga.ConstructionFailedException: Failed to add constructor for javax.servlet.http.HttpServletRequestWrapper due to org.evosuite.ga.ConstructionFailedException: Failed to add constructor for com.liferay.portal.lar.PortletDataContextImpl due to org.evosuite.ga.ConstructionFailedException: Have no generator for class javax.servlet.http.HttpServletRequestWrapper canUseFunctionalMocks=false, canBeMocked: true
[MASTER] 07:06:49.956 [logback-1] WARN  TestChromosome - Functional mock problem: org.evosuite.ga.ConstructionFailedException: Failed to add constructor for javax.servlet.ServletRequestWrapper due to org.evosuite.ga.ConstructionFailedException: Failed to add constructor for com.liferay.portal.lar.PortletDataContextImpl due to org.evosuite.ga.ConstructionFailedException: Max recursion depth reached
[MASTER] 07:06:50.474 [logback-1] WARN  TestChromosome - Functional mock problem: org.evosuite.ga.ConstructionFailedException: Failed to add constructor for com.liferay.portal.lar.PortletDataContextImpl due to org.evosuite.ga.ConstructionFailedException: Failed to add constructor for org.testng.internal.TestResult due to org.evosuite.ga.ConstructionFailedException: Failed to add constructor for org.testng.TestRunner due to org.evosuite.ga.ConstructionFailedException: Failed to add constructor for org.testng.internal.Configuration due to org.evosuite.ga.ConstructionFailedException: Max recursion depth reached
[MASTER] 07:06:50.758 [logback-1] WARN  TestChromosome - Functional mock problem: org.evosuite.ga.ConstructionFailedException: Failed to add constructor for com.liferay.portal.lar.PortletDataContextImpl due to org.evosuite.ga.ConstructionFailedException: Failed to add constructor for com.liferay.portal.lar.AlwaysCurrentUserIdStrategy due to org.evosuite.ga.ConstructionFailedException: Failed to add constructor for com.liferay.portal.model.UserWrapper due to org.evosuite.ga.ConstructionFailedException: Failed to add constructor for com.liferay.portal.model.UserGroupRoleWrapper due to org.evosuite.ga.ConstructionFailedException: Max recursion depth reached
[MASTER] 07:06:51.111 [logback-1] WARN  TestChromosome - Functional mock problem: org.evosuite.ga.ConstructionFailedException: Failed to add constructor for com.liferay.portal.lar.PortletDataContextImpl due to org.evosuite.ga.ConstructionFailedException: Failed to add constructor for com.liferay.portal.lar.PortletDataContextImpl due to org.evosuite.ga.ConstructionFailedException: Failed to add constructor for com.liferay.portal.model.PortletWrapper due to org.evosuite.ga.ConstructionFailedException: Max recursion depth reached
[MASTER] 07:06:51.534 [logback-1] WARN  TestChromosome - Functional mock problem: org.evosuite.ga.ConstructionFailedException: Failed to add constructor for com.liferay.portal.lar.PortletDataContextImpl due to org.evosuite.ga.ConstructionFailedException: Failed to add constructor for com.liferay.portal.lar.PortletDataContextImpl due to org.evosuite.ga.ConstructionFailedException: Failed to add constructor for com.liferay.portal.model.impl.PortletFilterImpl due to org.evosuite.ga.ConstructionFailedException: Max recursion depth reached
[MASTER] 07:06:51.698 [logback-1] WARN  TestChromosome - Functional mock problem: org.evosuite.ga.ConstructionFailedException: Failed to add constructor for com.liferay.portal.lar.PortletDataContextImpl due to org.evosuite.ga.ConstructionFailedException: Failed to add constructor for org.codehaus.groovy.runtime.CurriedClosure due to org.evosuite.ga.ConstructionFailedException: Failed to add constructor for org.codehaus.groovy.runtime.MethodClosure due to org.evosuite.ga.ConstructionFailedException: Max recursion depth reached
[MASTER] 07:06:51.710 [logback-1] WARN  TestChromosome - Functional mock problem: org.evosuite.ga.ConstructionFailedException: Failed to add constructor for com.liferay.portal.lar.PortletDataContextImpl due to org.evosuite.ga.ConstructionFailedException: Have no generator for class com.liferay.portal.repository.proxy.FileVersionProxyBean canUseFunctionalMocks=false, canBeMocked: true
[MASTER] 07:06:51.733 [logback-1] WARN  TestChromosome - Functional mock problem: org.evosuite.ga.ConstructionFailedException: Failed to add constructor for com.liferay.portal.lar.PortletDataContextImpl due to org.evosuite.ga.ConstructionFailedException: Failed to add constructor for com.liferay.portal.model.PasswordPolicyWrapper due to org.evosuite.ga.ConstructionFailedException: Failed to add constructor for com.liferay.portal.model.UserWrapper due to org.evosuite.ga.ConstructionFailedException: Max recursion depth reached
[MASTER] 07:06:51.876 [logback-1] WARN  TestChromosome - Functional mock problem: org.evosuite.ga.ConstructionFailedException: Failed to add constructor for com.liferay.portal.lar.PortletDataContextImpl due to org.evosuite.ga.ConstructionFailedException: Failed to add constructor for com.liferay.portal.repository.proxy.FileVersionProxyBean due to org.evosuite.ga.ConstructionFailedException: Failed to add constructor for java.net.URLClassLoader due to org.evosuite.ga.ConstructionFailedException: Failed to add constructor for groovy.lang.GroovyClassLoader due to org.evosuite.ga.ConstructionFailedException: Max recursion depth reached
[MASTER] 07:06:53.043 [logback-1] WARN  TestChromosome - Functional mock problem: org.evosuite.ga.ConstructionFailedException: Failed to add constructor for com.liferay.portal.lar.PortletDataContextImpl due to org.evosuite.ga.ConstructionFailedException: Failed to add constructor for org.codehaus.groovy.runtime.CurriedClosure due to org.evosuite.ga.ConstructionFailedException: Failed to add constructor for org.codehaus.groovy.runtime.IteratorClosureAdapter due to org.evosuite.ga.ConstructionFailedException: Max recursion depth reached
[MASTER] 07:06:53.182 [logback-1] WARN  TestChromosome - Functional mock problem: org.evosuite.ga.ConstructionFailedException: Failed to add constructor for com.liferay.portal.lar.PortletDataContextImpl due to org.evosuite.ga.ConstructionFailedException: Have no generator for class javax.portlet.filter.EventRequestWrapper canUseFunctionalMocks=false, canBeMocked: true
[MASTER] 07:06:55.368 [logback-1] WARN  TestChromosome - Functional mock problem: org.evosuite.ga.ConstructionFailedException: Failed to add constructor for com.liferay.portal.lar.PortletDataContextImpl due to org.evosuite.ga.ConstructionFailedException: Failed to add constructor for com.liferay.portal.lar.PortletDataContextImpl due to org.evosuite.ga.ConstructionFailedException: Failed to add constructor for org.testng.SuiteRunner due to org.evosuite.ga.ConstructionFailedException: Failed to add constructor for org.testng.internal.Configuration due to org.evosuite.ga.ConstructionFailedException: Max recursion depth reached
[MASTER] 07:06:55.956 [logback-1] WARN  TestCluster - Failed to check cache for javax.swing.JLayer<V> : Type points to itself
[MASTER] 07:06:56.405 [logback-1] WARN  CastClassManager - Nothing is assignable after adding javax.swing.JList<E> for type Variable V with bounds [class java.awt.Component] of declaration JLayer. The owner var map is {E=class java.lang.String}
[MASTER] 07:06:56.511 [logback-1] WARN  TestCluster - Failed to check cache for javax.swing.JList<E> : Type points to itself
[MASTER] 07:06:57.073 [logback-1] WARN  TestChromosome - Functional mock problem: org.evosuite.ga.ConstructionFailedException: Failed to add constructor for com.liferay.portal.lar.PortletDataContextImpl due to org.evosuite.ga.ConstructionFailedException: Failed to add constructor for com.liferay.portal.lar.PortletDataContextImpl due to org.evosuite.ga.ConstructionFailedException: Have no generator for class com.liferay.portal.lar.PortletDataContextImpl canUseFunctionalMocks=false, canBeMocked: true
[MASTER] 07:06:57.727 [logback-1] WARN  TestChromosome - Functional mock problem: org.evosuite.ga.ConstructionFailedException: Failed to add constructor for com.liferay.portal.lar.PortletDataContextImpl due to org.evosuite.ga.ConstructionFailedException: Failed to add constructor for com.liferay.portal.lar.PortletDataContextImpl due to org.evosuite.ga.ConstructionFailedException: Failed to add constructor for com.liferay.portal.zip.ZipWriterImpl due to org.evosuite.ga.ConstructionFailedException: Failed to add constructor for org.evosuite.runtime.mock.java.io.MockFile due to org.evosuite.ga.ConstructionFailedException: Max recursion depth reached
[MASTER] 07:06:57.869 [logback-1] WARN  TestChromosome - Functional mock problem: org.evosuite.ga.ConstructionFailedException: Failed to add constructor for com.liferay.portal.lar.PortletDataContextImpl due to org.evosuite.ga.ConstructionFailedException: Failed to add constructor for com.liferay.portal.zip.ZipWriterImpl due to org.evosuite.ga.ConstructionFailedException: Failed to add constructor for org.evosuite.runtime.mock.java.io.MockFile due to org.evosuite.ga.ConstructionFailedException: Max recursion depth reached
[MASTER] 07:07:01.297 [logback-1] WARN  TestChromosome - Functional mock problem: org.evosuite.ga.ConstructionFailedException: Failed to add constructor for javax.servlet.http.HttpServletRequestWrapper due to org.evosuite.ga.ConstructionFailedException: Failed to add constructor for com.liferay.portal.lar.PortletDataContextImpl due to org.evosuite.ga.ConstructionFailedException: Failed to add constructor for org.apache.axis.deployment.wsdd.WSDDHandler due to org.evosuite.ga.ConstructionFailedException: Max recursion depth reached
[MASTER] 07:07:02.083 [logback-1] WARN  TestChromosome - Functional mock problem: org.evosuite.ga.ConstructionFailedException: Failed to add constructor for com.liferay.portal.lar.PortletDataContextImpl due to org.evosuite.ga.ConstructionFailedException: Failed to add constructor for javax.servlet.ServletRequestWrapper due to org.evosuite.ga.ConstructionFailedException: Failed to add constructor for javax.servlet.http.HttpServletRequestWrapper due to org.evosuite.ga.ConstructionFailedException: Failed to add constructor for com.liferay.portlet.PortletURLImplWrapper due to org.evosuite.ga.ConstructionFailedException: Max recursion depth reached
[MASTER] 07:07:04.807 [logback-1] WARN  TestChromosome - Functional mock problem: org.evosuite.ga.ConstructionFailedException: Failed to add constructor for javax.servlet.ServletRequestWrapper due to org.evosuite.ga.ConstructionFailedException: Failed to add constructor for com.liferay.portal.lar.PortletDataContextImpl due to org.evosuite.ga.ConstructionFailedException: Failed to add constructor for com.liferay.portal.lar.CurrentUserIdStrategy due to org.evosuite.ga.ConstructionFailedException: Failed to add constructor for com.liferay.portal.model.UserWrapper due to org.evosuite.ga.ConstructionFailedException: Max recursion depth reached
[MASTER] 07:07:05.197 [logback-1] WARN  CastClassManager - Nothing is assignable after adding java.util.Stack<E> for wildcard ? extends java.util.Vector
[MASTER] 07:07:05.210 [logback-1] WARN  CastClassManager - Nothing is assignable after adding java.util.Stack<E> for wildcard ? extends java.util.Vector
[MASTER] 07:07:05.496 [logback-1] WARN  TestChromosome - Functional mock problem: org.evosuite.ga.ConstructionFailedException: Have no generator for class javax.portlet.filter.EventRequestWrapper canUseFunctionalMocks=false, canBeMocked: true
[MASTER] 07:07:07.987 [logback-1] WARN  TestChromosome - Functional mock problem: org.evosuite.ga.ConstructionFailedException: Failed to add constructor for javax.servlet.http.HttpServletRequestWrapper due to org.evosuite.ga.ConstructionFailedException: Failed to add constructor for com.liferay.portal.lar.PortletDataContextImpl due to org.evosuite.ga.ConstructionFailedException: Failed to add constructor for javax.portlet.filter.ActionResponseWrapper due to org.evosuite.ga.ConstructionFailedException: Max recursion depth reached
[MASTER] 07:07:08.116 [logback-1] WARN  TestChromosome - Functional mock problem: org.evosuite.ga.ConstructionFailedException: Failed to add constructor for com.liferay.portal.lar.PortletDataContextImpl due to org.evosuite.ga.ConstructionFailedException: Failed to add constructor for com.liferay.portal.lar.PortletDataContextImpl due to org.evosuite.ga.ConstructionFailedException: Max recursion depth reached
[MASTER] 07:07:10.654 [logback-1] WARN  TestChromosome - Functional mock problem: org.evosuite.ga.ConstructionFailedException: Failed to add constructor for org.apache.axis.deployment.wsdd.WSDDService due to org.evosuite.ga.ConstructionFailedException: Failed to add constructor for org.apache.axis.message.SOAPHeader due to org.evosuite.ga.ConstructionFailedException: Failed to add constructor for org.apache.axis.encoding.DeserializationContext due to org.evosuite.ga.ConstructionFailedException: Failed to add constructor for org.apache.axis.message.SOAPEnvelope due to org.evosuite.ga.ConstructionFailedException: Max recursion depth reached
[MASTER] 07:07:11.027 [logback-1] WARN  TestChromosome - Functional mock problem: org.evosuite.ga.ConstructionFailedException: Failed to add constructor for com.liferay.portal.lar.PortletDataContextImpl due to org.evosuite.ga.ConstructionFailedException: Failed to add constructor for com.liferay.portlet.PortletURLImplWrapper due to org.evosuite.ga.ConstructionFailedException: Failed to add constructor for javax.portlet.filter.ActionResponseWrapper due to org.evosuite.ga.ConstructionFailedException: Max recursion depth reached
[MASTER] 07:07:11.402 [logback-1] WARN  TestChromosome - Functional mock problem: org.evosuite.ga.ConstructionFailedException: Failed to add constructor for javax.servlet.http.HttpServletRequestWrapper due to org.evosuite.ga.ConstructionFailedException: Failed to add constructor for com.liferay.portal.lar.PortletDataContextImpl due to org.evosuite.ga.ConstructionFailedException: Failed to add constructor for javax.servlet.ServletRequestWrapper due to org.evosuite.ga.ConstructionFailedException: Max recursion depth reached
[MASTER] 07:07:13.718 [logback-1] WARN  TestChromosome - Functional mock problem: org.evosuite.ga.ConstructionFailedException: Failed to add constructor for com.liferay.portal.lar.PortletDataContextImpl due to org.evosuite.ga.ConstructionFailedException: Failed to add constructor for org.testng.SuiteRunner due to org.evosuite.ga.ConstructionFailedException: Failed to add constructor for org.testng.internal.Configuration due to org.evosuite.ga.ConstructionFailedException: Failed to add constructor for org.testng.internal.annotations.JDK15AnnotationFinder due to org.evosuite.ga.ConstructionFailedException: Max recursion depth reached
[MASTER] 07:07:13.782 [logback-1] WARN  TestChromosome - Functional mock problem: org.evosuite.ga.ConstructionFailedException: Failed to add constructor for javax.servlet.http.HttpServletRequestWrapper due to org.evosuite.ga.ConstructionFailedException: Failed to add constructor for com.liferay.portal.struts.StrutsActionPortletURL due to org.evosuite.ga.ConstructionFailedException: Failed to add constructor for javax.portlet.filter.EventResponseWrapper due to org.evosuite.ga.ConstructionFailedException: Max recursion depth reached
[MASTER] 07:07:13.874 [logback-1] WARN  MSecurityManager - SUT asked for a runtime permission that EvoSuite does not recognize: ftpClientProvider
[MASTER] 07:07:14.187 [logback-1] WARN  TestChromosome - Functional mock problem: org.evosuite.ga.ConstructionFailedException: Failed to add constructor for com.liferay.portal.lar.PortletDataContextImpl due to org.evosuite.ga.ConstructionFailedException: Failed to add constructor for com.liferay.portal.zip.ZipReaderImpl due to org.evosuite.ga.ConstructionFailedException: Failed to add constructor for java.io.PushbackInputStream due to org.evosuite.ga.ConstructionFailedException: Failed to add constructor for java.io.ObjectInputStream due to org.evosuite.ga.ConstructionFailedException: Failed to add constructor for java.io.BufferedInputStream due to org.evosuite.ga.ConstructionFailedException: Max recursion depth reached
[MASTER] 07:07:16.678 [logback-1] WARN  TestChromosome - Functional mock problem: org.evosuite.ga.ConstructionFailedException: Failed to add constructor for javax.servlet.http.HttpServletRequestWrapper due to org.evosuite.ga.ConstructionFailedException: Failed to add constructor for com.liferay.portal.lar.PortletDataContextImpl due to org.evosuite.ga.ConstructionFailedException: Failed to add constructor for org.apache.axis.deployment.wsdd.WSDDResponseFlow due to org.evosuite.ga.ConstructionFailedException: Max recursion depth reached
[MASTER] 07:07:17.482 [logback-1] WARN  TestChromosome - Functional mock problem: org.evosuite.ga.ConstructionFailedException: Failed to add constructor for com.liferay.portal.lar.PortletDataContextImpl due to org.evosuite.ga.ConstructionFailedException: Failed to add constructor for com.liferay.portal.model.impl.PortletFilterImpl due to org.evosuite.ga.ConstructionFailedException: Failed to add constructor for com.liferay.portal.model.PortletWrapper due to org.evosuite.ga.ConstructionFailedException: Max recursion depth reached
[MASTER] 07:07:18.246 [logback-1] WARN  TestChromosome - Functional mock problem: org.evosuite.ga.ConstructionFailedException: Failed to add constructor for com.liferay.portal.lar.PortletDataContextImpl due to org.evosuite.ga.ConstructionFailedException: Max recursion depth reached
[MASTER] 07:07:23.332 [logback-1] WARN  TestChromosome - Functional mock problem: org.evosuite.ga.ConstructionFailedException: Failed to add constructor for com.liferay.portal.lar.PortletDataContextImpl due to org.evosuite.ga.ConstructionFailedException: Failed to add constructor for com.liferay.portal.model.ContactWrapper due to org.evosuite.ga.ConstructionFailedException: Failed to add constructor for com.liferay.portal.model.UserWrapper due to org.evosuite.ga.ConstructionFailedException: Max recursion depth reached
[MASTER] 07:07:24.145 [logback-1] WARN  TestChromosome - Functional mock problem: org.evosuite.ga.ConstructionFailedException: Failed to add constructor for javax.servlet.http.HttpServletRequestWrapper due to org.evosuite.ga.ConstructionFailedException: Failed to add constructor for com.liferay.portal.lar.PortletDataContextImpl due to org.evosuite.ga.ConstructionFailedException: Failed to add constructor for com.liferay.portal.model.UserWrapper due to org.evosuite.ga.ConstructionFailedException: Max recursion depth reached
[MASTER] 07:07:24.476 [logback-1] WARN  TestChromosome - Functional mock problem: org.evosuite.ga.ConstructionFailedException: Failed to add constructor for org.apache.axis.deployment.wsdd.WSDDGlobalConfiguration due to org.evosuite.ga.ConstructionFailedException: Failed to add constructor for org.apache.axis.SOAPPart due to org.evosuite.ga.ConstructionFailedException: Failed to add constructor for org.apache.axis.Message due to org.evosuite.ga.ConstructionFailedException: Failed to add constructor for org.apache.axis.message.MimeHeaders due to org.evosuite.ga.ConstructionFailedException: Max recursion depth reached
[MASTER] 07:07:25.505 [logback-1] WARN  TestChromosome - Functional mock problem: org.evosuite.ga.ConstructionFailedException: Failed to add constructor for javax.servlet.http.HttpServletRequestWrapper due to org.evosuite.ga.ConstructionFailedException: Failed to add constructor for com.liferay.portal.lar.PortletDataContextImpl due to org.evosuite.ga.ConstructionFailedException: Failed to add constructor for com.liferay.portal.lar.PortletDataContextImpl due to org.evosuite.ga.ConstructionFailedException: Max recursion depth reached
[MASTER] 07:07:25.652 [logback-1] WARN  TestChromosome - Functional mock problem: org.evosuite.ga.ConstructionFailedException: Failed to add constructor for com.liferay.portal.lar.PortletDataContextImpl due to org.evosuite.ga.ConstructionFailedException: Failed to add constructor for com.liferay.portal.model.impl.PortletFilterImpl due to org.evosuite.ga.ConstructionFailedException: Failed to add constructor for org.testng.xml.XmlTest due to org.evosuite.ga.ConstructionFailedException: Max recursion depth reached
[MASTER] 07:07:25.931 [logback-1] WARN  TestChromosome - Functional mock problem: org.evosuite.ga.ConstructionFailedException: Failed to add constructor for com.liferay.portal.model.LayoutWrapper due to org.evosuite.ga.ConstructionFailedException: Have no generator for class com.liferay.portal.theme.ThemeDisplay canUseFunctionalMocks=false, canBeMocked: true
[MASTER] 07:07:26.054 [logback-1] WARN  TestChromosome - Functional mock problem: org.evosuite.ga.ConstructionFailedException: Failed to add constructor for javax.servlet.ServletRequestWrapper due to org.evosuite.ga.ConstructionFailedException: Failed to add constructor for com.liferay.portal.struts.StrutsActionPortletURL due to org.evosuite.ga.ConstructionFailedException: Failed to add constructor for javax.portlet.filter.ResourceResponseWrapper due to org.evosuite.ga.ConstructionFailedException: Max recursion depth reached
[MASTER] 07:07:26.481 [logback-1] WARN  TestChromosome - Functional mock problem: org.evosuite.ga.ConstructionFailedException: Failed to add constructor for com.liferay.portal.lar.PortletDataContextImpl due to org.evosuite.ga.ConstructionFailedException: Failed to add constructor for org.apache.axis.deployment.wsdd.WSDDGlobalConfiguration due to org.evosuite.ga.ConstructionFailedException: Failed to add constructor for org.apache.axis.message.SOAPBody due to org.evosuite.ga.ConstructionFailedException: Failed to add constructor for org.apache.axis.encoding.DeserializationContext due to org.evosuite.ga.ConstructionFailedException: Max recursion depth reached
[MASTER] 07:07:27.873 [logback-1] WARN  TestChromosome - Functional mock problem: org.evosuite.ga.ConstructionFailedException: Failed to add constructor for javax.servlet.http.HttpServletRequestWrapper due to org.evosuite.ga.ConstructionFailedException: Failed to add constructor for com.liferay.portal.lar.PortletDataContextImpl due to org.evosuite.ga.ConstructionFailedException: Failed to add constructor for com.liferay.portal.lar.CurrentUserIdStrategy due to org.evosuite.ga.ConstructionFailedException: Failed to add constructor for com.liferay.portal.model.UserWrapper due to org.evosuite.ga.ConstructionFailedException: Max recursion depth reached
[MASTER] 07:07:31.303 [logback-1] WARN  TestChromosome - Functional mock problem: org.evosuite.ga.ConstructionFailedException: Failed to add constructor for javax.servlet.ServletRequestWrapper due to org.evosuite.ga.ConstructionFailedException: Failed to add constructor for com.liferay.portal.lar.PortletDataContextImpl due to org.evosuite.ga.ConstructionFailedException: Failed to add constructor for javax.portlet.filter.EventRequestWrapper due to org.evosuite.ga.ConstructionFailedException: Max recursion depth reached
[MASTER] 07:07:32.360 [logback-1] WARN  TestChromosome - Functional mock problem: org.evosuite.ga.ConstructionFailedException: Failed to add constructor for com.liferay.portal.lar.PortletDataContextImpl due to org.evosuite.ga.ConstructionFailedException: Failed to add constructor for org.codehaus.groovy.control.CompilerConfiguration due to org.evosuite.ga.ConstructionFailedException: Failed to add constructor for org.evosuite.runtime.mock.java.io.MockFileInputStream due to org.evosuite.ga.ConstructionFailedException: Max recursion depth reached
[MASTER] 07:07:33.861 [logback-1] WARN  TestChromosome - Functional mock problem: org.evosuite.ga.ConstructionFailedException: Failed to add constructor for com.liferay.portal.lar.PortletDataContextImpl due to org.evosuite.ga.ConstructionFailedException: Failed to add constructor for com.liferay.portal.model.LockWrapper due to org.evosuite.ga.ConstructionFailedException: Failed to add constructor for com.liferay.portal.repository.proxy.FileEntryProxyBean due to org.evosuite.ga.ConstructionFailedException: Failed to add constructor for groovy.lang.GroovyClassLoader due to org.evosuite.ga.ConstructionFailedException: Max recursion depth reached
[MASTER] 07:07:34.177 [logback-1] WARN  TestChromosome - Functional mock problem: org.evosuite.ga.ConstructionFailedException: Failed to add constructor for javax.servlet.ServletRequestWrapper due to org.evosuite.ga.ConstructionFailedException: Have no generator for class com.liferay.portal.lar.PortletDataContextImpl canUseFunctionalMocks=false, canBeMocked: true
[MASTER] 07:07:47.390 [logback-1] WARN  TestCluster - Failed to check cache for java.util.concurrent.Future<V> : Type points to itself
[MASTER] 07:07:51.262 [logback-1] WARN  TestChromosome - Functional mock problem: org.evosuite.ga.ConstructionFailedException: Failed to add constructor for com.liferay.portal.repository.proxy.FileVersionProxyBean due to org.evosuite.ga.ConstructionFailedException: Have no generator for class com.liferay.portal.repository.proxy.FileEntryProxyBean canUseFunctionalMocks=false, canBeMocked: true
[MASTER] 07:08:00.003 [logback-1] WARN  TestChromosome - Functional mock problem: org.evosuite.ga.ConstructionFailedException: Failed to add constructor for com.liferay.portal.model.LockWrapper due to org.evosuite.ga.ConstructionFailedException: Failed to add constructor for com.liferay.portal.repository.proxy.FileEntryProxyBean due to org.evosuite.ga.ConstructionFailedException: Failed to add constructor for java.net.URLClassLoader due to org.evosuite.ga.ConstructionFailedException: Failed to add constructor for groovy.lang.GroovyShell due to org.evosuite.ga.ConstructionFailedException: Failed to add constructor for groovy.lang.GroovyClassLoader due to org.evosuite.ga.ConstructionFailedException: Failed to add constructor for java.net.URLClassLoader due to org.evosuite.ga.ConstructionFailedException: Failed to add constructor for java.net.URLClassLoader due to org.evosuite.ga.ConstructionFailedException: Max recursion depth reached
[MASTER] 07:08:05.634 [logback-1] WARN  TestChromosome - Functional mock problem: org.evosuite.ga.ConstructionFailedException: Have no generator for class com.liferay.portal.repository.proxy.FileEntryProxyBean canUseFunctionalMocks=false, canBeMocked: true
[MASTER] 07:08:20.804 [logback-1] WARN  TestCluster - Failed to check cache for javax.swing.JComboBox<E> : Type points to itself
[MASTER] 07:08:21.423 [logback-1] WARN  CastClassManager - Nothing is assignable after adding java.util.Stack<E> for wildcard ? extends java.util.Vector
[MASTER] 07:08:21.436 [logback-1] WARN  CastClassManager - Nothing is assignable after adding java.util.Vector<E> for wildcard ? extends java.util.Vector
[MASTER] 07:08:35.902 [logback-1] WARN  MSecurityManager - SUT asked for a runtime permission that EvoSuite does not recognize: closeClassLoader
* Search finished after 181s and 904 generations, 297077 statements, best individual has fitness: 905.0
* Computation finished
